#! /usr/bin/vvp
:ivl_version "10.3 (stable)";
:ivl_delay_selection "TYPICAL";
:vpi_time_precision + 0;
:vpi_module "system";
:vpi_module "vhdl_sys";
:vpi_module "v2005_math";
:vpi_module "va_math";
S_0x561346e88570 .scope module, "async10" "async10" 2 30;
 .timescale 0 0;
v0x561346ecab20_0 .var "clk", 0 0;
v0x561346ecabc0_0 .var/i "i", 31 0;
v0x561346ecaca0_0 .net "out", 3 0, L_0x561346ecb160;  1 drivers
v0x561346ecad70_0 .net "reset", 0 0, L_0x561346ea10c0;  1 drivers
S_0x561346ea0510 .scope module, "c1" "AsyncDecadeCounter" 2 39, 2 18 0, S_0x561346e88570;
 .timescale 0 0;
    .port_info 0 /INPUT 1 "clk"
    .port_info 1 /OUTPUT 1 "reset"
    .port_info 2 /OUTPUT 4 "q"
L_0x561346ea10c0 .functor BUFZ 1, v0x561346eca930_0, C4<0>, C4<0>, C4<0>;
v0x561346eca7a0_0 .net "clk", 0 0, v0x561346ecab20_0;  1 drivers
v0x561346eca870_0 .net "q", 3 0, L_0x561346ecb160;  alias, 1 drivers
v0x561346eca930_0 .var "res", 0 0;
v0x561346ecaa00_0 .net "reset", 0 0, L_0x561346ea10c0;  alias, 1 drivers
E_0x561346e76890 .event posedge, v0x561346eca500_0;
L_0x561346ecae40 .part L_0x561346ecb160, 0, 1;
L_0x561346ecaf60 .part L_0x561346ecb160, 1, 1;
L_0x561346ecb000 .part L_0x561346ecb160, 2, 1;
L_0x561346ecb160 .concat8 [ 1 1 1 1], v0x561346eca5e0_0, v0x561346eca090_0, v0x561346ec9bd0_0, v0x561346e9be50_0;
S_0x561346e76030 .scope module, "A" "FlipFlop" 2 23, 2 5 0, S_0x561346ea0510;
 .timescale 0 0;
    .port_info 0 /INPUT 1 "clk"
    .port_info 1 /INPUT 1 "reset"
    .port_info 2 /OUTPUT 1 "q"
v0x561346e9ce30_0 .net "clk", 0 0, L_0x561346ecb000;  1 drivers
v0x561346e9be50_0 .var "q", 0 0;
v0x561346e8b0b0_0 .net "reset", 0 0, v0x561346eca930_0;  1 drivers
E_0x561346eac840/0 .event negedge, v0x561346e8b0b0_0;
E_0x561346eac840/1 .event posedge, v0x561346e9ce30_0;
E_0x561346eac840 .event/or E_0x561346eac840/0, E_0x561346eac840/1;
S_0x561346ec9890 .scope module, "B" "FlipFlop" 2 22, 2 5 0, S_0x561346ea0510;
 .timescale 0 0;
    .port_info 0 /INPUT 1 "clk"
    .port_info 1 /INPUT 1 "reset"
    .port_info 2 /OUTPUT 1 "q"
v0x561346ec9af0_0 .net "clk", 0 0, L_0x561346ecaf60;  1 drivers
v0x561346ec9bd0_0 .var "q", 0 0;
v0x561346ec9c90_0 .net "reset", 0 0, v0x561346eca930_0;  alias, 1 drivers
E_0x561346eace60/0 .event negedge, v0x561346e8b0b0_0;
E_0x561346eace60/1 .event posedge, v0x561346ec9af0_0;
E_0x561346eace60 .event/or E_0x561346eace60/0, E_0x561346eace60/1;
S_0x561346ec9d70 .scope module, "C" "FlipFlop" 2 21, 2 5 0, S_0x561346ea0510;
 .timescale 0 0;
    .port_info 0 /INPUT 1 "clk"
    .port_info 1 /INPUT 1 "reset"
    .port_info 2 /OUTPUT 1 "q"
v0x561346ec9fb0_0 .net "clk", 0 0, L_0x561346ecae40;  1 drivers
v0x561346eca090_0 .var "q", 0 0;
v0x561346eca150_0 .net "reset", 0 0, v0x561346eca930_0;  alias, 1 drivers
E_0x561346ead000/0 .event negedge, v0x561346e8b0b0_0;
E_0x561346ead000/1 .event posedge, v0x561346ec9fb0_0;
E_0x561346ead000 .event/or E_0x561346ead000/0, E_0x561346ead000/1;
S_0x561346eca2a0 .scope module, "D" "FlipFlop" 2 20, 2 5 0, S_0x561346ea0510;
 .timescale 0 0;
    .port_info 0 /INPUT 1 "clk"
    .port_info 1 /INPUT 1 "reset"
    .port_info 2 /OUTPUT 1 "q"
v0x561346eca500_0 .net "clk", 0 0, v0x561346ecab20_0;  alias, 1 drivers
v0x561346eca5e0_0 .var "q", 0 0;
v0x561346eca6a0_0 .net "reset", 0 0, v0x561346eca930_0;  alias, 1 drivers
E_0x561346eaca80/0 .event negedge, v0x561346e8b0b0_0;
E_0x561346eaca80/1 .event posedge, v0x561346eca500_0;
E_0x561346eaca80 .event/or E_0x561346eaca80/0, E_0x561346eaca80/1;
    .scope S_0x561346eca2a0;
T_0 ;
    %pushi/vec4 0, 0, 1;
    %store/vec4 v0x561346eca5e0_0, 0, 1;
    %end;
    .thread T_0;
    .scope S_0x561346eca2a0;
T_1 ;
    %wait E_0x561346eaca80;
    %load/vec4 v0x561346eca6a0_0;
    %flag_set/vec4 8;
    %jmp/0xz  T_1.0, 8;
    %pushi/vec4 0, 0, 1;
    %assign/vec4 v0x561346eca5e0_0, 0;
    %jmp T_1.1;
T_1.0 ;
    %load/vec4 v0x561346eca5e0_0;
    %nor/r;
    %assign/vec4 v0x561346eca5e0_0, 0;
T_1.1 ;
    %jmp T_1;
    .thread T_1;
    .scope S_0x561346ec9d70;
T_2 ;
    %pushi/vec4 0, 0, 1;
    %store/vec4 v0x561346eca090_0, 0, 1;
    %end;
    .thread T_2;
    .scope S_0x561346ec9d70;
T_3 ;
    %wait E_0x561346ead000;
    %load/vec4 v0x561346eca150_0;
    %flag_set/vec4 8;
    %jmp/0xz  T_3.0, 8;
    %pushi/vec4 0, 0, 1;
    %assign/vec4 v0x561346eca090_0, 0;
    %jmp T_3.1;
T_3.0 ;
    %load/vec4 v0x561346eca090_0;
    %nor/r;
    %assign/vec4 v0x561346eca090_0, 0;
T_3.1 ;
    %jmp T_3;
    .thread T_3;
    .scope S_0x561346ec9890;
T_4 ;
    %pushi/vec4 0, 0, 1;
    %store/vec4 v0x561346ec9bd0_0, 0, 1;
    %end;
    .thread T_4;
    .scope S_0x561346ec9890;
T_5 ;
    %wait E_0x561346eace60;
    %load/vec4 v0x561346ec9c90_0;
    %flag_set/vec4 8;
    %jmp/0xz  T_5.0, 8;
    %pushi/vec4 0, 0, 1;
    %assign/vec4 v0x561346ec9bd0_0, 0;
    %jmp T_5.1;
T_5.0 ;
    %load/vec4 v0x561346ec9bd0_0;
    %nor/r;
    %assign/vec4 v0x561346ec9bd0_0, 0;
T_5.1 ;
    %jmp T_5;
    .thread T_5;
    .scope S_0x561346e76030;
T_6 ;
    %pushi/vec4 0, 0, 1;
    %store/vec4 v0x561346e9be50_0, 0, 1;
    %end;
    .thread T_6;
    .scope S_0x561346e76030;
T_7 ;
    %wait E_0x561346eac840;
    %load/vec4 v0x561346e8b0b0_0;
    %flag_set/vec4 8;
    %jmp/0xz  T_7.0, 8;
    %pushi/vec4 0, 0, 1;
    %assign/vec4 v0x561346e9be50_0, 0;
    %jmp T_7.1;
T_7.0 ;
    %load/vec4 v0x561346e9be50_0;
    %nor/r;
    %assign/vec4 v0x561346e9be50_0, 0;
T_7.1 ;
    %jmp T_7;
    .thread T_7;
    .scope S_0x561346ea0510;
T_8 ;
    %wait E_0x561346e76890;
    %load/vec4 v0x561346eca870_0;
    %parti/s 1, 0, 2;
    %nor/r;
    %load/vec4 v0x561346eca870_0;
    %parti/s 1, 2, 3;
    %and;
    %load/vec4 v0x561346eca870_0;
    %parti/s 1, 1, 2;
    %and;
    %load/vec4 v0x561346eca870_0;
    %parti/s 1, 3, 3;
    %nor/r;
    %and;
    %assign/vec4 v0x561346eca930_0, 0;
    %jmp T_8;
    .thread T_8;
    .scope S_0x561346e88570;
T_9 ;
    %pushi/vec4 1, 0, 1;
    %store/vec4 v0x561346ecab20_0, 0, 1;
    %end;
    .thread T_9;
    .scope S_0x561346e88570;
T_10 ;
    %vpi_call 2 46 "$dumpfile", "AsyncDecadeCounter.vcd" {0 0 0};
    %vpi_call 2 47 "$dumpvars", 32'sb00000000000000000000000000000000, S_0x561346e88570 {0 0 0};
    %vpi_call 2 48 "$display", " Asynchronous Decade counter " {0 0 0};
    %vpi_call 2 49 "$display", " ----------------------------" {0 0 0};
    %vpi_call 2 50 "$display", " | Clock | reset | ABCD | Value |" {0 0 0};
    %vpi_call 2 51 "$display", " ----------------------------" {0 0 0};
    %vpi_call 2 52 "$monitor", " |   ", v0x561346ecab20_0, "   |   ", v0x561346ecad70_0, "   | ", &PV<v0x561346ecaca0_0, 3, 1>, &PV<v0x561346ecaca0_0, 2, 1>, &PV<v0x561346ecaca0_0, 1, 1>, &PV<v0x561346ecaca0_0, 0, 1>, " |  ", v0x561346ecaca0_0, "  | " {0 0 0};
    %pushi/vec4 0, 0, 32;
    %store/vec4 v0x561346ecabc0_0, 0, 32;
T_10.0 ;
    %load/vec4 v0x561346ecabc0_0;
    %cmpi/s 20, 0, 32;
    %jmp/0xz T_10.1, 5;
    %load/vec4 v0x561346ecab20_0;
    %inv;
    %assign/vec4 v0x561346ecab20_0, 0;
    %delay 1, 0;
    %load/vec4 v0x561346ecabc0_0;
    %addi 1, 0, 32;
    %store/vec4 v0x561346ecabc0_0, 0, 32;
    %jmp T_10.0;
T_10.1 ;
    %vpi_call 2 63 "$display", " ----------------------------" {0 0 0};
    %vpi_call 2 64 "$finish" {0 0 0};
    %end;
    .thread T_10;
# The file index is used to find the file name in the following table.
:file_names 3;
    "N/A";
    "<interactive>";
    "AsyncFinal.v";
